<?xml version="1.0" encoding="UTF-8"?>
<!-- Generated by org.testng.reporters.JUnitReportReporter -->
<testsuite hostname="soc-PF2P9XM1" failures="0" tests="9" name="TestNG10_ParallelTesting.ParallelTesting" time="0.377" errors="0" timestamp="2024-07-18T12:56:44 IST" skipped="0">
  <testcase classname="TestNG10_ParallelTesting.ParallelTesting" name="TestLogo" time="0.085"/>
  <system-out/>
  <testcase classname="TestNG10_ParallelTesting.ParallelTesting" name="TestLogo" time="0.093"/>
  <system-out/>
  <testcase classname="TestNG10_ParallelTesting.ParallelTesting" name="TestLogo" time="0.087"/>
  <system-out/>
  <testcase classname="TestNG10_ParallelTesting.ParallelTesting" name="testTitle" time="0.024"/>
  <system-out/>
  <testcase classname="TestNG10_ParallelTesting.ParallelTesting" name="testTitle" time="0.026"/>
  <system-out/>
  <testcase classname="TestNG10_ParallelTesting.ParallelTesting" name="testTitle" time="0.012"/>
  <system-out/>
  <testcase classname="TestNG10_ParallelTesting.ParallelTesting" name="testUrl" time="0.010"/>
  <system-out/>
  <testcase classname="TestNG10_ParallelTesting.ParallelTesting" name="testUrl" time="0.020"/>
  <system-out/>
  <testcase classname="TestNG10_ParallelTesting.ParallelTesting" name="testUrl" time="0.020"/>
  <system-out/>
</testsuite> <!-- TestNG10_ParallelTesting.ParallelTesting -->
