<?xml version="1.0" encoding="UTF-8"?>
<!-- Generated by org.testng.reporters.JUnitReportReporter -->
<testsuite hostname="soc-PF2P9XM1" failures="0" tests="2" name="TestNG8_Grouping.PaymentTest" time="0.015" errors="0" timestamp="2024-07-16T15:10:49 IST" skipped="0">
  <testcase classname="TestNG8_Grouping.PaymentTest" name="PaymentByRupees" time="0.013"/>
  <system-out/>
  <testcase classname="TestNG8_Grouping.PaymentTest" name="PaymentByDollars" time="0.002"/>
  <system-out/>
</testsuite> <!-- TestNG8_Grouping.PaymentTest -->
