<?xml version="1.0" encoding="UTF-8"?>
<!-- Generated by org.testng.reporters.JUnitReportReporter -->
<testsuite hostname="soc-PF2P9XM1" failures="0" tests="2" name="TestNG2_Annotations.TestNG2_Annotations" time="0.018" errors="0" timestamp="2024-07-16T11:18:30 IST" skipped="0">
  <testcase classname="TestNG2_Annotations.TestNG2_Annotations" name="firstTest" time="0.016"/>
  <system-out/>
  <testcase classname="TestNG2_Annotations.TestNG2_Annotations" name="secondTest" time="0.002"/>
  <system-out/>
</testsuite> <!-- TestNG2_Annotations.TestNG2_Annotations -->
