<?xml version="1.0" encoding="UTF-8"?>
<!-- Generated by org.testng.reporters.JUnitReportReporter -->
<testsuite hostname="soc-PF2P9XM1" failures="0" tests="3" name="TestNG8_Grouping.SignUpTest" time="0.008" errors="0" timestamp="2024-07-16T15:03:10 IST" skipped="0">
  <testcase classname="TestNG8_Grouping.SignUpTest" name="signupByGoogle" time="0.003"/>
  <system-out/>
  <testcase classname="TestNG8_Grouping.SignUpTest" name="signupByFacebook" time="0.002"/>
  <system-out/>
  <testcase classname="TestNG8_Grouping.SignUpTest" name="signupByTwitter" time="0.003"/>
  <system-out/>
</testsuite> <!-- TestNG8_Grouping.SignUpTest -->
