<?xml version="1.0" encoding="UTF-8"?>
<!-- Generated by org.testng.reporters.JUnitReportReporter -->
<testsuite hostname="soc-PF2P9XM1" failures="0" tests="4" name="TestNG4_Annotations.BeforeTest_Class1" time="0.013" errors="0" timestamp="2024-07-16T11:44:25 IST" skipped="0">
  <testcase classname="TestNG4_Annotations.BeforeTest_Class1" name="firstTest" time="0.008"/>
  <system-out/>
  <testcase classname="TestNG4_Annotations.BeforeTest_Class1" name="secondTest" time="0.002"/>
  <system-out/>
  <testcase classname="TestNG4_Annotations.BeforeTest_Class1" name="secondTest" time="0.001"/>
  <system-out/>
  <testcase classname="TestNG4_Annotations.BeforeTest_Class1" name="firstTest" time="0.002"/>
  <system-out/>
</testsuite> <!-- TestNG4_Annotations.BeforeTest_Class1 -->
