<?xml version="1.0" encoding="UTF-8"?>
<!-- Generated by org.testng.reporters.JUnitReportReporter -->
<testsuite hostname="soc-PF2P9XM1" failures="0" tests="3" name="Testng3_Annotations.BeforeClass_Annotations" time="0.025" errors="0" timestamp="2024-07-16T11:26:40 IST" skipped="0">
  <testcase classname="Testng3_Annotations.BeforeClass_Annotations" name="firstTest" time="0.015"/>
  <system-out/>
  <testcase classname="Testng3_Annotations.BeforeClass_Annotations" name="secondTest" time="0.005"/>
  <system-out/>
  <testcase classname="Testng3_Annotations.BeforeClass_Annotations" name="thirdTest" time="0.005"/>
  <system-out/>
</testsuite> <!-- Testng3_Annotations.BeforeClass_Annotations -->
