<?xml version="1.0" encoding="UTF-8"?>
<!-- Generated by org.testng.reporters.JUnitReportReporter -->
<testsuite hostname="soc-PF2P9XM1" failures="0" tests="2" name="TestNG5_AllAnnotations.All_Annotations" time="0.015" errors="0" timestamp="2024-07-16T11:59:50 IST" skipped="0">
  <testcase classname="TestNG5_AllAnnotations.All_Annotations" name="test1" time="0.011"/>
  <system-out/>
  <testcase classname="TestNG5_AllAnnotations.All_Annotations" name="test2" time="0.004"/>
  <system-out/>
</testsuite> <!-- TestNG5_AllAnnotations.All_Annotations -->
