<?xml version="1.0" encoding="UTF-8"?>
<!-- Generated by org.testng.reporters.JUnitReportReporter -->
<testsuite hostname="soc-PF2P9XM1" failures="0" tests="3" name="TestNG8_Grouping.LoginTest" time="0.005" errors="0" timestamp="2024-07-16T15:10:49 IST" skipped="0">
  <testcase classname="TestNG8_Grouping.LoginTest" name="loginByGoogle" time="0.002"/>
  <system-out/>
  <testcase classname="TestNG8_Grouping.LoginTest" name="loginByFacebook" time="0.001"/>
  <system-out/>
  <testcase classname="TestNG8_Grouping.LoginTest" name="loginByTwitter" time="0.002"/>
  <system-out/>
</testsuite> <!-- TestNG8_Grouping.LoginTest -->
